<?xml version="1.0" encoding="UTF-8" ?>
<testsuite tests="36" failures="0" name="ObjectsTest" time="0.011" errors="0" skipped="0">
  <properties>
[...]
</properties>
  <testcase classname="ObjectsTest" name="testObjects0" time="0.006"/>
  <testcase classname="ObjectsTest" name="testEquals0" time="0"/>
  <testcase classname="ObjectsTest" name="testEquals1" time="0"/>
  <testcase classname="ObjectsTest" name="testEquals3" time="0"/>
  <testcase classname="ObjectsTest" name="testEquals4" time="0.001"/>
  <testcase classname="ObjectsTest" name="testEquals5" time="0"/>
  <testcase classname="ObjectsTest" name="testEquals6" time="0"/>
  <testcase classname="ObjectsTest" name="testDeepEquals0" time="0"/>
  <testcase classname="ObjectsTest" name="testDeepEquals1" time="0"/>
  <testcase classname="ObjectsTest" name="testDeepEquals2" time="0"/>
  <testcase classname="ObjectsTest" name="testDeepEquals3" time="0"/>
  <testcase classname="ObjectsTest" name="testDeepEquals4" time="0"/>
  <testcase classname="ObjectsTest" name="testDeepEquals5" time="0"/>
  <testcase classname="ObjectsTest" name="testDeepEquals6" time="0.001"/>
  <testcase classname="ObjectsTest" name="testDeepEquals7" time="0"/>
  <testcase classname="ObjectsTest" name="testDeepEquals8" time="0"/>
  <testcase classname="ObjectsTest" name="testDeepEquals9" time="0.001"/>
  <testcase classname="ObjectsTest" name="testDeepEquals10" time="0"/>
  <testcase classname="ObjectsTest" name="testDeepEquals11" time="0"/>
  <testcase classname="ObjectsTest" name="testHashCode0" time="0"/>
  <testcase classname="ObjectsTest" name="testHashCode1" time="0.001"/>
  <testcase classname="ObjectsTest" name="testHash0" time="0"/>
  <testcase classname="ObjectsTest" name="testToString0_0" time="0"/>
  <testcase classname="ObjectsTest" name="testToString0_1" time="0"/>
  <testcase classname="ObjectsTest" name="testToString0_2" time="0"/>
  <testcase classname="ObjectsTest" name="testToString1_0" time="0"/>
  <testcase classname="ObjectsTest" name="testToString1_1" time="0"/>
  <testcase classname="ObjectsTest" name="testToString1_2" time="0"/>
  <testcase classname="ObjectsTest" name="testCompare0" time="0.001"/>
  <testcase classname="ObjectsTest" name="testCompare1" time="0"/>
  <testcase classname="ObjectsTest" name="testCompare2" time="0"/>
  <testcase classname="ObjectsTest" name="testCompare3" time="0"/>
  <testcase classname="ObjectsTest" name="testRequireNonNull0_0" time="0"/>
  <testcase classname="ObjectsTest" name="testRequireNonNull0_1" time="0"/>
  <testcase classname="ObjectsTest" name="testRequireNonNull1_0" time="0"/>
  <testcase classname="ObjectsTest" name="testRequireNonNull1_1" time="0"/>
</testsuite>